<?xml version="1.0" encoding="UTF-8"?>
<!-- Generated by org.testng.reporters.JUnitXMLReporter -->
<testsuite ignored="0" hostname="jod" failures="0" tests="16" name="Chrome Tests" time="19.21" errors="0" timestamp="2024-10-16T22:31:29 PST">
  <testcase classname="com.example.coffee_cart_app.testClasses.menuPage" name="acceptPromo" time="1.793"/>
  <testcase classname="com.example.coffee_cart_app.testClasses.cartPage" name="addToCartThenDecreaseQuantity" time="4.835"/>
  <testcase classname="com.example.coffee_cart_app.testClasses.menuPage" name="addAllItemsToCart" time="4.473"/>
  <testcase classname="com.example.coffee_cart_app.testClasses.cartPage" name="addToCartThenIncreaseQuantity" time="1.494"/>
  <testcase classname="com.example.coffee_cart_app.testClasses.menuPage" name="pickASingleItem" time="0.592"/>
  <testcase classname="com.example.coffee_cart_app.testClasses.cartPage" name="assertCartPageElements" time="0.593"/>
  <testcase classname="com.example.coffee_cart_app.testClasses.menuPage" name="pickDifferentItems" time="1.054"/>
  <testcase classname="com.example.coffee_cart_app.testClasses.menuPage" name="pickMultipleOfTheSameItem" time="0.868"/>
  <testcase classname="com.example.coffee_cart_app.testClasses.menuPage" name="rejectPromo" time="0.967"/>
  <testcase classname="com.example.coffee_cart_app.testClasses.cartPage" name="checkOutAllItemsInMenu" time="3.635"/>
  <testcase classname="com.example.coffee_cart_app.testClasses.menuPage" name="testMenuPageElementsVisibility" time="1.283"/>
  <testcase classname="com.example.coffee_cart_app.testClasses.cartPage" name="checkOutOrdersUsingCheckoutPage" time="1.308"/>
  <testcase classname="com.example.coffee_cart_app.testClasses.cartPage" name="checkOutOrdersUsingPayContainerButton" time="1.428"/>
  <testcase classname="com.example.coffee_cart_app.testClasses.cartPage" name="checkOutWithEmptyPaymentDetails" time="0.812"/>
  <testcase classname="com.example.coffee_cart_app.testClasses.cartPage" name="checkOutWithIncompletePaymentDetails" time="0.791"/>
  <testcase classname="com.example.coffee_cart_app.testClasses.cartPage" name="checkOutWithNoItemInCart" time="0.077"/>
</testsuite> <!-- Chrome Tests -->
