<?xml version="1.0" encoding="UTF-8"?>
<!-- Generated by org.testng.reporters.JUnitXMLReporter -->
<testsuite ignored="0" hostname="jod" failures="0" tests="16" name="Edge Tests" time="17.62" errors="0" timestamp="2024-10-24T15:34:39 PST">
  <testcase classname="com.example.coffee_cart_app.testClasses.menuPage" name="acceptPromo" time="0.568"/>
  <testcase classname="com.example.coffee_cart_app.testClasses.cartPage" name="addToCartThenDecreaseQuantity" time="3.179"/>
  <testcase classname="com.example.coffee_cart_app.testClasses.cartPage" name="addToCartThenIncreaseQuantity" time="1.965"/>
  <testcase classname="com.example.coffee_cart_app.testClasses.menuPage" name="addAllItemsToCart" time="3.74"/>
  <testcase classname="com.example.coffee_cart_app.testClasses.cartPage" name="assertCartPageElements" time="1.178"/>
  <testcase classname="com.example.coffee_cart_app.testClasses.menuPage" name="pickASingleItem" time="0.572"/>
  <testcase classname="com.example.coffee_cart_app.testClasses.menuPage" name="pickDifferentItems" time="1.028"/>
  <testcase classname="com.example.coffee_cart_app.testClasses.menuPage" name="pickMultipleOfTheSameItem" time="0.866"/>
  <testcase classname="com.example.coffee_cart_app.testClasses.cartPage" name="checkOutAllItemsInMenu" time="3.198"/>
  <testcase classname="com.example.coffee_cart_app.testClasses.menuPage" name="rejectPromo" time="0.932"/>
  <testcase classname="com.example.coffee_cart_app.testClasses.cartPage" name="checkOutOrdersUsingCheckoutPage" time="1.208"/>
  <testcase classname="com.example.coffee_cart_app.testClasses.menuPage" name="testMenuPageElementsVisibility" time="1.204"/>
  <testcase classname="com.example.coffee_cart_app.testClasses.cartPage" name="checkOutOrdersUsingPayContainerButton" time="1.291"/>
  <testcase classname="com.example.coffee_cart_app.testClasses.cartPage" name="checkOutWithEmptyPaymentDetails" time="0.768"/>
  <testcase classname="com.example.coffee_cart_app.testClasses.cartPage" name="checkOutWithIncompletePaymentDetails" time="0.815"/>
  <testcase classname="com.example.coffee_cart_app.testClasses.cartPage" name="checkOutWithNoItemInCart" time="0.07"/>
</testsuite> <!-- Edge Tests -->
