<?xml version="1.0" encoding="UTF-8"?>
<!-- Generated by org.testng.reporters.JUnitXMLReporter -->
<testsuite ignored="0" hostname="jod" failures="0" tests="16" name="Firefox Tests" time="43.971" errors="0" timestamp="2024-10-19T11:38:03 PST">
  <testcase classname="com.example.coffee_cart_app.testClasses.menuPage" name="acceptPromo" time="1.905"/>
  <testcase classname="com.example.coffee_cart_app.testClasses.menuPage" name="addAllItemsToCart" time="3.805"/>
  <testcase classname="com.example.coffee_cart_app.testClasses.menuPage" name="pickASingleItem" time="0.754"/>
  <testcase classname="com.example.coffee_cart_app.testClasses.cartPage" name="addToCartThenDecreaseQuantity" time="9.447"/>
  <testcase classname="com.example.coffee_cart_app.testClasses.menuPage" name="pickDifferentItems" time="2.188"/>
  <testcase classname="com.example.coffee_cart_app.testClasses.menuPage" name="pickMultipleOfTheSameItem" time="1.943"/>
  <testcase classname="com.example.coffee_cart_app.testClasses.menuPage" name="rejectPromo" time="1.56"/>
  <testcase classname="com.example.coffee_cart_app.testClasses.menuPage" name="testMenuPageElementsVisibility" time="1.037"/>
  <testcase classname="com.example.coffee_cart_app.testClasses.cartPage" name="addToCartThenIncreaseQuantity" time="5.973"/>
  <testcase classname="com.example.coffee_cart_app.testClasses.cartPage" name="assertCartPageElements" time="1.591"/>
  <testcase classname="com.example.coffee_cart_app.testClasses.cartPage" name="checkOutAllItemsInMenu" time="4.259"/>
  <testcase classname="com.example.coffee_cart_app.testClasses.cartPage" name="checkOutOrdersUsingCheckoutPage" time="2.57"/>
  <testcase classname="com.example.coffee_cart_app.testClasses.cartPage" name="checkOutOrdersUsingPayContainerButton" time="2.615"/>
  <testcase classname="com.example.coffee_cart_app.testClasses.cartPage" name="checkOutWithEmptyPaymentDetails" time="1.44"/>
  <testcase classname="com.example.coffee_cart_app.testClasses.cartPage" name="checkOutWithIncompletePaymentDetails" time="6.42"/>
  <testcase classname="com.example.coffee_cart_app.testClasses.cartPage" name="checkOutWithNoItemInCart" time="0.23"/>
</testsuite> <!-- Firefox Tests -->
