-------------------------------------------------------------------------------
Test set: com.example.coffee_cart_app.testMethods.TestRunner
-------------------------------------------------------------------------------
Tests run: 14, Failures: 14, Errors: 0, Skipped: 0, Time elapsed: 2.129 s <<< FAILURE! - in com.example.coffee_cart_app.testMethods.TestRunner
runScenario(com.example.coffee_cart_app.testMethods.TestRunner)  Time elapsed: 0.048 s  <<< FAILURE!
io.cucumber.core.runner.DuplicateStepDefinitionException: Duplicate step definitions in com.example.coffee_cart_app.testMethods.cartPage.assertCartPageElements() and com.example.coffee_cart_app.testMethods.menuPage.assertBuyButton(org.openqa.selenium.WebElement)

runScenario(com.example.coffee_cart_app.testMethods.TestRunner)  Time elapsed: 0.004 s  <<< FAILURE!
io.cucumber.core.runner.DuplicateStepDefinitionException: Duplicate step definitions in com.example.coffee_cart_app.testMethods.cartPage.assertCartPageElements() and com.example.coffee_cart_app.testMethods.menuPage.assertBuyButton(org.openqa.selenium.WebElement)

runScenario(com.example.coffee_cart_app.testMethods.TestRunner)  Time elapsed: 0.005 s  <<< FAILURE!
io.cucumber.core.runner.DuplicateStepDefinitionException: Duplicate step definitions in com.example.coffee_cart_app.testMethods.cartPage.assertCartPageElements() and com.example.coffee_cart_app.testMethods.menuPage.assertBuyButton(org.openqa.selenium.WebElement)

runScenario(com.example.coffee_cart_app.testMethods.TestRunner)  Time elapsed: 0.006 s  <<< FAILURE!
io.cucumber.core.runner.DuplicateStepDefinitionException: Duplicate step definitions in com.example.coffee_cart_app.testMethods.cartPage.assertCartPageElements() and com.example.coffee_cart_app.testMethods.menuPage.assertBuyButton(org.openqa.selenium.WebElement)

runScenario(com.example.coffee_cart_app.testMethods.TestRunner)  Time elapsed: 0.004 s  <<< FAILURE!
io.cucumber.core.runner.DuplicateStepDefinitionException: Duplicate step definitions in com.example.coffee_cart_app.testMethods.cartPage.assertCartPageElements() and com.example.coffee_cart_app.testMethods.menuPage.assertBuyButton(org.openqa.selenium.WebElement)

runScenario(com.example.coffee_cart_app.testMethods.TestRunner)  Time elapsed: 0.002 s  <<< FAILURE!
io.cucumber.core.runner.DuplicateStepDefinitionException: Duplicate step definitions in com.example.coffee_cart_app.testMethods.cartPage.assertCartPageElements() and com.example.coffee_cart_app.testMethods.menuPage.assertBuyButton(org.openqa.selenium.WebElement)

runScenario(com.example.coffee_cart_app.testMethods.TestRunner)  Time elapsed: 0.002 s  <<< FAILURE!
io.cucumber.core.runner.DuplicateStepDefinitionException: Duplicate step definitions in com.example.coffee_cart_app.testMethods.cartPage.assertCartPageElements() and com.example.coffee_cart_app.testMethods.menuPage.assertBuyButton(org.openqa.selenium.WebElement)

runScenario(com.example.coffee_cart_app.testMethods.TestRunner)  Time elapsed: 0.002 s  <<< FAILURE!
io.cucumber.core.runner.DuplicateStepDefinitionException: Duplicate step definitions in com.example.coffee_cart_app.testMethods.cartPage.assertCartPageElements() and com.example.coffee_cart_app.testMethods.menuPage.assertBuyButton(org.openqa.selenium.WebElement)

runScenario(com.example.coffee_cart_app.testMethods.TestRunner)  Time elapsed: 0.002 s  <<< FAILURE!
io.cucumber.core.runner.DuplicateStepDefinitionException: Duplicate step definitions in com.example.coffee_cart_app.testMethods.cartPage.assertCartPageElements() and com.example.coffee_cart_app.testMethods.menuPage.assertBuyButton(org.openqa.selenium.WebElement)

runScenario(com.example.coffee_cart_app.testMethods.TestRunner)  Time elapsed: 0.002 s  <<< FAILURE!
io.cucumber.core.runner.DuplicateStepDefinitionException: Duplicate step definitions in com.example.coffee_cart_app.testMethods.cartPage.assertCartPageElements() and com.example.coffee_cart_app.testMethods.menuPage.assertBuyButton(org.openqa.selenium.WebElement)

runScenario(com.example.coffee_cart_app.testMethods.TestRunner)  Time elapsed: 0.002 s  <<< FAILURE!
io.cucumber.core.runner.DuplicateStepDefinitionException: Duplicate step definitions in com.example.coffee_cart_app.testMethods.cartPage.assertCartPageElements() and com.example.coffee_cart_app.testMethods.menuPage.assertBuyButton(org.openqa.selenium.WebElement)

runScenario(com.example.coffee_cart_app.testMethods.TestRunner)  Time elapsed: 0.002 s  <<< FAILURE!
io.cucumber.core.runner.DuplicateStepDefinitionException: Duplicate step definitions in com.example.coffee_cart_app.testMethods.cartPage.assertCartPageElements() and com.example.coffee_cart_app.testMethods.menuPage.assertBuyButton(org.openqa.selenium.WebElement)

runScenario(com.example.coffee_cart_app.testMethods.TestRunner)  Time elapsed: 0.002 s  <<< FAILURE!
io.cucumber.core.runner.DuplicateStepDefinitionException: Duplicate step definitions in com.example.coffee_cart_app.testMethods.cartPage.assertCartPageElements() and com.example.coffee_cart_app.testMethods.menuPage.assertBuyButton(org.openqa.selenium.WebElement)

runScenario(com.example.coffee_cart_app.testMethods.TestRunner)  Time elapsed: 0.003 s  <<< FAILURE!
io.cucumber.core.runner.DuplicateStepDefinitionException: Duplicate step definitions in com.example.coffee_cart_app.testMethods.cartPage.assertCartPageElements() and com.example.coffee_cart_app.testMethods.menuPage.assertBuyButton(org.openqa.selenium.WebElement)

