<?xml version="1.0" encoding="UTF-8"?>
<testsuite xmlns:xsi="http://www.w3.org/2001/XMLSchema-instance" xsi:noNamespaceSchemaLocation="https://maven.apache.org/surefire/maven-surefire-plugin/xsd/surefire-test-report-3.0.xsd" version="3.0" name="TestSuite" time="67.805" tests="48" errors="0" skipped="0" failures="0">
  <properties>
[...]
</properties>
  <testcase name="acceptPromo" classname="com.example.coffee_cart_app.testClasses.menuPage" time="0.61">
    <system-out><![CDATA[
(STARTING TEST)=========================================================================================== 

(STARTING TEST)=========================================================================================== 
Item added to cart: CafeLatte
Item added to cart: Mocha
Item Price: 16.0
Item Price: 8.0
Total spending: 8.0

Total spending: 16.0

Promo Element not visible as expected...
Promo Element not visible as expected...
Item added to cart: CafeLatte
Item added to cart: FlatWhite
Item Price: 18.0
Item Price: 16.0
Total spending: 26.0

Total spending: 32.0

Promo Element not visible as expected...
Promo Element not visible as expected...
Item added to cart: CafeLatte
Item added to cart: CafeLatte
Item Price: 16.0
Item Price: 16.0
Total spending: 48.0

Total spending: 42.0

Promo Appeared =>>>
Promo Appeared =>>>
It's your lucky day! Get an extra cup of Mocha for $4.
It's your lucky day! Get an extra cup of Mocha for $4.
PROMO ACCEPTED
PROMO REJECTED
Order total based on manual count: 46.0
Curent cart container price: Total: $46.00

(assertThuotalPriceAndTotalBasedOnSite)=========================================================================================== 
Total value based on manualCounter: 46.0
Total value based on site: 46.0
Item added to cart: CafeLatte
Item Price: 16.0
Total spending: 64.0

Promo Element not visible as expected...
Item added to cart: CafeLatte
Item Price: 16.0
Total spending: 80.0

Promo Element not visible as expected...
Item added to cart: CafeLatte
Item Price: 16.0
Total spending: 96.0

Cart list verified and matches the manual order list
Promo Appeared =>>>
It's your lucky day! Get an extra cup of Mocha for $4.
]]></system-out>
    <system-err><![CDATA[[main] WARN org.testng.TestNG - Ignoring duplicate listener : io.qameta.allure.testng.AllureTestNg
[main] WARN org.testng.TestNG - Ignoring duplicate listener : io.qameta.allure.testng.AllureTestNg
[main] WARN org.testng.TestNG - Ignoring duplicate listener : io.qameta.allure.testng.AllureTestNg
[main] INFO org.testng.internal.Utils - [Utils] MethodGroupsHelper.collectMethodsByGroup() took 0 ms.
[main] INFO org.testng.internal.Utils - [Utils] MethodGroupsHelper.sortMethods() took 1 ms.
[main] INFO org.testng.internal.Utils - [Utils] MethodGroupsHelper.collectMethodsByGroup() took 0 ms.
[main] INFO org.testng.internal.Utils - [Utils] MethodGroupsHelper.sortMethods() took 0 ms.
[main] INFO org.testng.internal.Utils - [Utils] MethodGroupsHelper.collectMethodsByGroup() took 0 ms.
[main] INFO org.testng.internal.Utils - [Utils] MethodGroupsHelper.sortMethods() took 0 ms.
[main] INFO org.testng.internal.Utils - [Utils] MethodGroupsHelper.collectMethodsByGroup() took 0 ms.
[main] INFO org.testng.internal.Utils - [Utils] MethodGroupsHelper.sortMethods() took 0 ms.
[main] INFO org.testng.internal.Utils - [Utils] MethodGroupsHelper.collectMethodsByGroup() took 4 ms.
[main] INFO org.testng.internal.Utils - [Utils] MethodGroupsHelper.sortMethods() took 7 ms.
[main] INFO org.testng.internal.Utils - [Utils] MethodGroupsHelper.collectMethodsByGroup() took 0 ms.
[main] INFO org.testng.internal.Utils - [Utils] MethodGroupsHelper.sortMethods() took 0 ms.
[main] INFO org.testng.internal.Utils - [Utils] MethodGroupsHelper.collectMethodsByGroup() took 0 ms.
[main] INFO org.testng.internal.Utils - [Utils] MethodGroupsHelper.sortMethods() took 0 ms.
[main] INFO org.testng.internal.Utils - [Utils] MethodGroupsHelper.collectMethodsByGroup() took 0 ms.
[main] INFO org.testng.internal.Utils - [Utils] MethodGroupsHelper.sortMethods() took 0 ms.
[main] INFO org.testng.internal.Utils - [Utils] MethodGroupsHelper.collectMethodsByGroup() took 0 ms.
[main] INFO org.testng.internal.Utils - [Utils] MethodGroupsHelper.sortMethods() took 0 ms.
[main] INFO org.testng.internal.Utils - [Utils] MethodGroupsHelper.collectMethodsByGroup() took 0 ms.
[main] INFO org.testng.internal.Utils - [Utils] MethodGroupsHelper.sortMethods() took 0 ms.
[main] INFO org.testng.internal.Utils - [Utils] MethodGroupsHelper.collectMethodsByGroup() took 0 ms.
[main] INFO org.testng.internal.Utils - [Utils] MethodGroupsHelper.sortMethods() took 0 ms.
[main] INFO org.testng.internal.Utils - [Utils] MethodGroupsHelper.collectMethodsByGroup() took 0 ms.
[main] INFO org.testng.internal.Utils - [Utils] MethodGroupsHelper.sortMethods() took 0 ms.
[main] INFO org.testng.internal.Utils - [Utils] MethodGroupsHelper.collectMethodsByGroup() took 0 ms.
[main] INFO org.testng.internal.Utils - [Utils] MethodGroupsHelper.sortMethods() took 0 ms.
[main] INFO org.testng.internal.Utils - [Utils] MethodGroupsHelper.collectMethodsByGroup() took 0 ms.
[main] INFO org.testng.internal.Utils - [Utils] MethodGroupsHelper.sortMethods() took 0 ms.
[main] INFO org.testng.internal.Utils - [Utils] MethodGroupsHelper.collectMethodsByGroup() took 0 ms.
[main] INFO org.testng.internal.Utils - [Utils] MethodGroupsHelper.sortMethods() took 1 ms.
[main] INFO org.testng.internal.Utils - [Utils] MethodGroupsHelper.collectMethodsByGroup() took 0 ms.
[main] INFO org.testng.internal.Utils - [Utils] MethodGroupsHelper.sortMethods() took 0 ms.
[main] INFO org.testng.internal.Utils - [Utils] MethodGroupsHelper.collectMethodsByGroup() took 0 ms.
[main] INFO org.testng.internal.Utils - [Utils] MethodGroupsHelper.sortMethods() took 0 ms.
[main] INFO org.testng.internal.Utils - [Utils] MethodGroupsHelper.collectMethodsByGroup() took 0 ms.
[main] INFO org.testng.internal.Utils - [Utils] MethodGroupsHelper.sortMethods() took 0 ms.
[main] INFO org.testng.internal.Utils - [Utils] MethodGroupsHelper.collectMethodsByGroup() took 0 ms.
[main] INFO org.testng.internal.Utils - [Utils] MethodGroupsHelper.sortMethods() took 0 ms.
[main] INFO org.testng.internal.Utils - [Utils] MethodGroupsHelper.collectMethodsByGroup() took 0 ms.
[main] INFO org.testng.internal.Utils - [Utils] MethodGroupsHelper.sortMethods() took 0 ms.
[main] INFO org.testng.internal.Utils - [Utils] MethodGroupsHelper.collectMethodsByGroup() took 0 ms.
[main] INFO org.testng.internal.Utils - [Utils] MethodGroupsHelper.sortMethods() took 0 ms.
[main] INFO org.testng.internal.Utils - [Utils] MethodGroupsHelper.collectMethodsByGroup() took 0 ms.
[main] INFO org.testng.internal.Utils - [Utils] MethodGroupsHelper.sortMethods() took 0 ms.
[main] INFO org.testng.internal.Utils - [Utils] MethodGroupsHelper.collectMethodsByGroup() took 2 ms.
[main] INFO org.testng.internal.Utils - [Utils] MethodGroupsHelper.sortMethods() took 7 ms.
[main] INFO org.testng.internal.Utils - [Utils] MethodGroupsHelper.collectMethodsByGroup() took 0 ms.
[main] INFO org.testng.internal.Utils - [Utils] MethodGroupsHelper.sortMethods() took 0 ms.
[main] INFO org.testng.internal.Utils - [Utils] MethodGroupsHelper.collectMethodsByGroup() took 0 ms.
[main] INFO org.testng.internal.Utils - [Utils] MethodGroupsHelper.sortMethods() took 0 ms.
[main] INFO org.testng.internal.Utils - [Utils] MethodGroupsHelper.collectMethodsByGroup() took 0 ms.
[main] INFO org.testng.internal.Utils - [Utils] MethodGroupsHelper.sortMethods() took 0 ms.
[main] INFO org.testng.internal.Utils - [Utils] MethodGroupsHelper.collectMethodsByGroup() took 0 ms.
[main] INFO org.testng.internal.Utils - [Utils] MethodGroupsHelper.sortMethods() took 0 ms.
[main] INFO org.testng.internal.Utils - [Utils] MethodGroupsHelper.collectMethodsByGroup() took 0 ms.
[main] INFO org.testng.internal.Utils - [Utils] MethodGroupsHelper.sortMethods() took 0 ms.
[main] INFO org.testng.internal.Utils - [Utils] MethodGroupsHelper.collectMethodsByGroup() took 0 ms.
[main] INFO org.testng.internal.Utils - [Utils] MethodGroupsHelper.sortMethods() took 0 ms.
[main] INFO org.testng.internal.Utils - [Utils] MethodGroupsHelper.collectMethodsByGroup() took 0 ms.
[main] INFO org.testng.internal.Utils - [Utils] MethodGroupsHelper.sortMethods() took 0 ms.
[main] INFO org.testng.internal.Utils - [Utils] MethodGroupsHelper.collectMethodsByGroup() took 0 ms.
[main] INFO org.testng.internal.Utils - [Utils] MethodGroupsHelper.sortMethods() took 0 ms.
[main] INFO org.testng.internal.Utils - [Utils] MethodGroupsHelper.collectMethodsByGroup() took 0 ms.
[main] INFO org.testng.internal.Utils - [Utils] MethodGroupsHelper.sortMethods() took 0 ms.
[main] INFO org.testng.internal.Utils - [Utils] MethodGroupsHelper.collectMethodsByGroup() took 0 ms.
[main] INFO org.testng.internal.Utils - [Utils] MethodGroupsHelper.sortMethods() took 0 ms.
[main] INFO org.testng.internal.Utils - [Utils] MethodGroupsHelper.collectMethodsByGroup() took 0 ms.
[main] INFO org.testng.internal.Utils - [Utils] MethodGroupsHelper.sortMethods() took 0 ms.
[main] INFO org.testng.internal.Utils - [Utils] MethodGroupsHelper.collectMethodsByGroup() took 0 ms.
[main] INFO org.testng.internal.Utils - [Utils] MethodGroupsHelper.sortMethods() took 0 ms.
[main] INFO org.testng.internal.Utils - [Utils] MethodGroupsHelper.collectMethodsByGroup() took 0 ms.
[main] INFO org.testng.internal.Utils - [Utils] MethodGroupsHelper.sortMethods() took 0 ms.
[main] INFO org.testng.internal.Utils - [Utils] MethodGroupsHelper.collectMethodsByGroup() took 0 ms.
[main] INFO org.testng.internal.Utils - [Utils] MethodGroupsHelper.sortMethods() took 0 ms.
[main] INFO org.testng.internal.Utils - [Utils] MethodGroupsHelper.collectMethodsByGroup() took 0 ms.
[main] INFO org.testng.internal.Utils - [Utils] MethodGroupsHelper.sortMethods() took 0 ms.
[main] INFO org.testng.internal.Utils - [Utils] MethodGroupsHelper.collectMethodsByGroup() took 0 ms.
[main] INFO org.testng.internal.Utils - [Utils] MethodGroupsHelper.sortMethods() took 0 ms.
[main] INFO org.testng.internal.Utils - [Utils] MethodGroupsHelper.collectMethodsByGroup() took 0 ms.
[main] INFO org.testng.internal.Utils - [Utils] MethodGroupsHelper.sortMethods() took 0 ms.
[main] INFO org.testng.internal.Utils - [Utils] MethodGroupsHelper.collectMethodsByGroup() took 0 ms.
[main] INFO org.testng.internal.Utils - [Utils] MethodGroupsHelper.sortMethods() took 0 ms.
[main] INFO org.testng.internal.Utils - [Utils] MethodGroupsHelper.collectMethodsByGroup() took 0 ms.
[main] INFO org.testng.internal.Utils - [Utils] MethodGroupsHelper.sortMethods() took 0 ms.
[main] INFO org.testng.internal.Utils - [Utils] MethodGroupsHelper.collectMethodsByGroup() took 0 ms.
[main] INFO org.testng.internal.Utils - [Utils] MethodGroupsHelper.sortMethods() took 0 ms.
[main] INFO org.testng.internal.Utils - [Utils] MethodGroupsHelper.collectMethodsByGroup() took 0 ms.
[main] INFO org.testng.internal.Utils - [Utils] MethodGroupsHelper.sortMethods() took 0 ms.
[main] INFO org.testng.internal.Utils - [Utils] MethodGroupsHelper.collectMethodsByGroup() took 0 ms.
[main] INFO org.testng.internal.Utils - [Utils] MethodGroupsHelper.sortMethods() took 0 ms.
[main] INFO org.testng.internal.Utils - [Utils] MethodGroupsHelper.collectMethodsByGroup() took 0 ms.
[main] INFO org.testng.internal.Utils - [Utils] MethodGroupsHelper.sortMethods() took 0 ms.
[main] INFO org.testng.internal.Utils - [Utils] MethodGroupsHelper.collectMethodsByGroup() took 0 ms.
[main] INFO org.testng.internal.Utils - [Utils] MethodGroupsHelper.sortMethods() took 0 ms.
[main] INFO org.testng.internal.Utils - [Utils] MethodGroupsHelper.collectMethodsByGroup() took 1 ms.
[main] INFO org.testng.internal.Utils - [Utils] MethodGroupsHelper.sortMethods() took 0 ms.
[main] INFO org.testng.internal.Utils - [Utils] MethodGroupsHelper.collectMethodsByGroup() took 0 ms.
[main] INFO org.testng.internal.Utils - [Utils] MethodGroupsHelper.sortMethods() took 0 ms.
[main] INFO org.testng.internal.Utils - [Utils] MethodGroupsHelper.collectMethodsByGroup() took 0 ms.
[main] INFO org.testng.internal.Utils - [Utils] MethodGroupsHelper.sortMethods() took 0 ms.
[main] INFO org.testng.internal.Utils - [Utils] MethodGroupsHelper.collectMethodsByGroup() took 0 ms.
[main] INFO org.testng.internal.Utils - [Utils] MethodGroupsHelper.sortMethods() took 0 ms.
[main] INFO org.testng.internal.Utils - [Utils] MethodGroupsHelper.collectMethodsByGroup() took 0 ms.
[main] INFO org.testng.internal.Utils - [Utils] MethodGroupsHelper.sortMethods() took 0 ms.
[main] INFO org.testng.internal.Utils - [Utils] MethodGroupsHelper.collectMethodsByGroup() took 0 ms.
[main] INFO org.testng.internal.Utils - [Utils] MethodGroupsHelper.sortMethods() took 0 ms.
[main] INFO org.testng.internal.Utils - [Utils] MethodGroupsHelper.collectMethodsByGroup() took 0 ms.
[main] INFO org.testng.internal.Utils - [Utils] MethodGroupsHelper.sortMethods() took 0 ms.
[main] INFO org.testng.internal.Utils - [Utils] MethodGroupsHelper.collectMethodsByGroup() took 0 ms.
[main] INFO org.testng.internal.Utils - [Utils] MethodGroupsHelper.sortMethods() took 0 ms.
[main] INFO org.testng.internal.Utils - [Utils] MethodGroupsHelper.collectMethodsByGroup() took 0 ms.
[main] INFO org.testng.internal.Utils - [Utils] MethodGroupsHelper.sortMethods() took 0 ms.
[main] INFO org.testng.internal.Utils - [Utils] MethodGroupsHelper.collectMethodsByGroup() took 0 ms.
[main] INFO org.testng.internal.Utils - [Utils] MethodGroupsHelper.sortMethods() took 0 ms.
[main] INFO org.testng.internal.Utils - [Utils] MethodGroupsHelper.collectMethodsByGroup() took 0 ms.
[main] INFO org.testng.internal.Utils - [Utils] MethodGroupsHelper.sortMethods() took 0 ms.
[main] INFO org.testng.internal.Utils - [Utils] MethodGroupsHelper.collectMethodsByGroup() took 0 ms.
[main] INFO org.testng.internal.Utils - [Utils] MethodGroupsHelper.sortMethods() took 0 ms.
[main] INFO org.testng.internal.Utils - [Utils] MethodGroupsHelper.collectMethodsByGroup() took 0 ms.
[main] INFO org.testng.internal.Utils - [Utils] MethodGroupsHelper.sortMethods() took 0 ms.
[main] INFO org.testng.internal.Utils - [Utils] MethodGroupsHelper.collectMethodsByGroup() took 0 ms.
[main] INFO org.testng.internal.Utils - [Utils] MethodGroupsHelper.sortMethods() took 0 ms.
[main] INFO org.testng.internal.Utils - [Utils] MethodGroupsHelper.collectMethodsByGroup() took 0 ms.
[main] INFO org.testng.internal.Utils - [Utils] MethodGroupsHelper.sortMethods() took 0 ms.
[main] INFO org.testng.internal.Utils - [Utils] MethodGroupsHelper.collectMethodsByGroup() took 0 ms.
[main] INFO org.testng.internal.Utils - [Utils] MethodGroupsHelper.sortMethods() took 0 ms.
[main] INFO org.testng.internal.Utils - [Utils] MethodGroupsHelper.collectMethodsByGroup() took 0 ms.
[main] INFO org.testng.internal.Utils - [Utils] MethodGroupsHelper.sortMethods() took 0 ms.
[main] INFO org.testng.internal.Utils - [Utils] MethodGroupsHelper.collectMethodsByGroup() took 0 ms.
[main] INFO org.testng.internal.Utils - [Utils] MethodGroupsHelper.sortMethods() took 0 ms.
[main] INFO org.testng.internal.Utils - [Utils] MethodGroupsHelper.collectMethodsByGroup() took 0 ms.
[main] INFO org.testng.internal.Utils - [Utils] MethodGroupsHelper.sortMethods() took 0 ms.
[main] INFO org.testng.internal.Utils - [Utils] MethodGroupsHelper.collectMethodsByGroup() took 0 ms.
[main] INFO org.testng.internal.Utils - [Utils] MethodGroupsHelper.sortMethods() took 0 ms.
[main] INFO org.testng.internal.Utils - [Utils] MethodGroupsHelper.collectMethodsByGroup() took 0 ms.
[main] INFO org.testng.internal.Utils - [Utils] MethodGroupsHelper.sortMethods() took 0 ms.
[main] INFO org.testng.internal.Utils - [Utils] MethodGroupsHelper.collectMethodsByGroup() took 0 ms.
[main] INFO org.testng.internal.Utils - [Utils] MethodGroupsHelper.sortMethods() took 0 ms.
[main] INFO org.testng.internal.Utils - [Utils] MethodGroupsHelper.collectMethodsByGroup() took 0 ms.
[main] INFO org.testng.internal.Utils - [Utils] MethodGroupsHelper.sortMethods() took 0 ms.
[main] INFO org.testng.internal.Utils - [Utils] MethodGroupsHelper.collectMethodsByGroup() took 0 ms.
[main] INFO org.testng.internal.Utils - [Utils] MethodGroupsHelper.sortMethods() took 0 ms.
[main] INFO org.testng.internal.Utils - [Utils] MethodGroupsHelper.collectMethodsByGroup() took 0 ms.
[main] INFO org.testng.internal.Utils - [Utils] MethodGroupsHelper.sortMethods() took 0 ms.
[main] INFO org.testng.internal.Utils - [Utils] MethodGroupsHelper.collectMethodsByGroup() took 0 ms.
[main] INFO org.testng.internal.Utils - [Utils] MethodGroupsHelper.sortMethods() took 0 ms.
[main] INFO org.testng.internal.Utils - [Utils] MethodGroupsHelper.collectMethodsByGroup() took 0 ms.
[main] INFO org.testng.internal.Utils - [Utils] MethodGroupsHelper.sortMethods() took 0 ms.
[main] INFO org.testng.internal.Utils - [Utils] MethodGroupsHelper.collectMethodsByGroup() took 0 ms.
[main] INFO org.testng.internal.Utils - [Utils] MethodGroupsHelper.sortMethods() took 0 ms.
[main] INFO org.testng.internal.Utils - [Utils] DynamicGraphHelper.createDynamicGraph() took 4 ms.
[main] INFO org.testng.internal.Utils - [TestTaskExecutor] Starting executor test 2147483647 with time out: 2147483647 milliseconds.
Oct 24, 2024 3:34:07 PM org.openqa.selenium.devtools.CdpVersionFinder findNearestMatch
WARNING: Unable to find an exact match for CDP version 130, returning the closest version; found: 129; Please update to a Selenium version that supports CDP version 130
Oct 24, 2024 3:34:07 PM org.openqa.selenium.devtools.CdpVersionFinder findNearestMatch
WARNING: Unable to find an exact match for CDP version 130, returning the closest version; found: 129; Please update to a Selenium version that supports CDP version 130
]]></system-err>
  </testcase>
  <testcase name="acceptPromo" classname="com.example.coffee_cart_app.testClasses.menuPage" time="0.58">
    <system-out><![CDATA[
(Test Method completed)=========================================================================================== 
PASSED: com.example.coffee_cart_app.testClasses.cartPage.checkOutWithEmptyPaymentDetails
PASSED: com.example.coffee_cart_app.testClasses.cartPage.addToCartThenDecreaseQuantity
PASSED: com.example.coffee_cart_app.testClasses.cartPage.checkOutWithNoItemInCart
PASSED: com.example.coffee_cart_app.testClasses.cartPage.checkOutOrdersUsingCheckoutPage
PASSED: com.example.coffee_cart_app.testClasses.cartPage.checkOutOrdersUsingPayContainerButton
PASSED: com.example.coffee_cart_app.testClasses.menuPage.addAllItemsToCart
PASSED: com.example.coffee_cart_app.testClasses.cartPage.addToCartThenIncreaseQuantity
PASSED: com.example.coffee_cart_app.testClasses.menuPage.pickMultipleOfTheSameItem
PASSED: com.example.coffee_cart_app.testClasses.cartPage.assertCartPageElements
PASSED: com.example.coffee_cart_app.testClasses.menuPage.pickDifferentItems
PASSED: com.example.coffee_cart_app.testClasses.cartPage.checkOutAllItemsInMenu
PASSED: com.example.coffee_cart_app.testClasses.menuPage.testMenuPageElementsVisibility
PASSED: com.example.coffee_cart_app.testClasses.menuPage.acceptPromo
PASSED: com.example.coffee_cart_app.testClasses.menuPage.rejectPromo
PASSED: com.example.coffee_cart_app.testClasses.cartPage.checkOutWithIncompletePaymentDetails
PASSED: com.example.coffee_cart_app.testClasses.menuPage.pickASingleItem

===============================================
    Chrome Tests
    Tests run: 16, Failures: 0, Skips: 0
===============================================


(STARTING TEST)=========================================================================================== 
Item added to cart: CafeLatte
Item Price: 16.0
Total spending: 16.0

Promo Element not visible as expected...
Item added to cart: CafeLatte
Item Price: 16.0
Total spending: 32.0

Promo Element not visible as expected...
Item added to cart: CafeLatte
Item Price: 16.0
Total spending: 48.0

Promo Appeared =>>>
It's your lucky day! Get an extra cup of Mocha for $4.

(STARTING TEST)=========================================================================================== 
PROMO REJECTED
Item added to cart: CafeLatte
Item Price: 16.0
Total spending: 64.0

Promo Element not visible as expected...
Item added to cart: CafeLatte
Item Price: 16.0
Total spending: 80.0

Promo Element not visible as expected...
Item added to cart: CafeLatte
Item Price: 16.0
Total spending: 96.0

Promo Appeared =>>>
It's your lucky day! Get an extra cup of Mocha for $4.
PROMO REJECTED
Item added to cart: CafeLatte
Item Price: 16.0
Total spending: 112.0

Promo Element not visible as expected...
Item added to cart: CafeLatte
Item Price: 16.0
Total spending: 128.0

Promo Element not visible as expected...
Item added to cart: CafeLatte
Item Price: 16.0
Total spending: 144.0

Promo Appeared =>>>
It's your lucky day! Get an extra cup of Mocha for $4.
Item added to cart: Mocha
Item Price: 8.0
Total spending: 8.0

Promo Element not visible as expected...
Item added to cart: FlatWhite
Item Price: 18.0
Total spending: 26.0

PROMO REJECTED
Promo Element not visible as expected...
Item added to cart: CafeLatte
Item Price: 16.0
Total spending: 160.0

Promo Element not visible as expected...
Item added to cart: CafeLatte
Item Price: 16.0
Total spending: 42.0

Item added to cart: CafeLatte
Item Price: 16.0
Total spending: 176.0

Promo Appeared =>>>
It's your lucky day! Get an extra cup of Mocha for $4.
Promo Element not visible as expected...
PROMO ACCEPTED
Order total based on manual count: 46.0
Item added to cart: CafeLatte
Item Price: 16.0
Total spending: 192.0

Curent cart container price: Total: $46.00

(assertThuotalPriceAndTotalBasedOnSite)=========================================================================================== 
Total value based on manualCounter: 46.0
Total value based on site: 46.0
Promo Appeared =>>>
It's your lucky day! Get an extra cup of Mocha for $4.
PROMO REJECTED
Item added to cart: CafeLatte
Item Price: 16.0
Total spending: 208.0

Promo Element not visible as expected...
Cart list verified and matches the manual order list
]]></system-out>
    <system-err><![CDATA[[main] INFO org.testng.internal.Utils - [Utils] DynamicGraphHelper.createDynamicGraph() took 0 ms.
[main] INFO org.testng.internal.Utils - [TestTaskExecutor] Starting executor test 2147483647 with time out: 2147483647 milliseconds.
Oct 24, 2024 3:34:22 PM org.openqa.selenium.devtools.CdpVersionFinder findNearestMatch
WARNING: Unable to find an exact match for CDP version 130, returning the closest version; found: 129; Please update to a Selenium version that supports CDP version 130
Oct 24, 2024 3:34:24 PM org.openqa.selenium.devtools.CdpVersionFinder findNearestMatch
WARNING: Unable to find an exact match for CDP version 130, returning the closest version; found: 129; Please update to a Selenium version that supports CDP version 130
]]></system-err>
  </testcase>
  <testcase name="acceptPromo" classname="com.example.coffee_cart_app.testClasses.menuPage" time="1.151">
    <system-out><![CDATA[
(Test Method completed)=========================================================================================== 
PASSED: com.example.coffee_cart_app.testClasses.menuPage.rejectPromo
PASSED: com.example.coffee_cart_app.testClasses.cartPage.checkOutOrdersUsingPayContainerButton
PASSED: com.example.coffee_cart_app.testClasses.menuPage.pickASingleItem
PASSED: com.example.coffee_cart_app.testClasses.cartPage.addToCartThenDecreaseQuantity
PASSED: com.example.coffee_cart_app.testClasses.menuPage.pickDifferentItems
PASSED: com.example.coffee_cart_app.testClasses.cartPage.checkOutWithEmptyPaymentDetails
PASSED: com.example.coffee_cart_app.testClasses.cartPage.addToCartThenIncreaseQuantity
PASSED: com.example.coffee_cart_app.testClasses.menuPage.addAllItemsToCart
PASSED: com.example.coffee_cart_app.testClasses.cartPage.assertCartPageElements
PASSED: com.example.coffee_cart_app.testClasses.menuPage.testMenuPageElementsVisibility
PASSED: com.example.coffee_cart_app.testClasses.cartPage.checkOutOrdersUsingCheckoutPage
PASSED: com.example.coffee_cart_app.testClasses.cartPage.checkOutWithIncompletePaymentDetails
PASSED: com.example.coffee_cart_app.testClasses.menuPage.pickMultipleOfTheSameItem
PASSED: com.example.coffee_cart_app.testClasses.menuPage.acceptPromo
PASSED: com.example.coffee_cart_app.testClasses.cartPage.checkOutAllItemsInMenu
PASSED: com.example.coffee_cart_app.testClasses.cartPage.checkOutWithNoItemInCart

===============================================
    Edge Tests
    Tests run: 16, Failures: 0, Skips: 0
===============================================


(STARTING TEST)=========================================================================================== 

(STARTING TEST)=========================================================================================== 
Item added to cart: CafeLatte
Item Price: 16.0
Total spending: 16.0

Promo Element not visible as expected...
Item added to cart: CafeLatte
Item Price: 16.0
Total spending: 32.0

Promo Element not visible as expected...
Item added to cart: CafeLatte
Item Price: 16.0
Total spending: 48.0

Promo Appeared =>>>
It's your lucky day! Get an extra cup of Mocha for $4.
Item added to cart: Mocha
Item Price: 8.0
Total spending: 8.0

Promo Element not visible as expected...
PROMO REJECTED
Item added to cart: FlatWhite
Item Price: 18.0
Total spending: 26.0

Promo Element not visible as expected...
Item added to cart: CafeLatte
Item Price: 16.0
Total spending: 64.0

Promo Element not visible as expected...
Item added to cart: CafeLatte
Item Price: 16.0
Total spending: 42.0

Promo Appeared =>>>
It's your lucky day! Get an extra cup of Mocha for $4.
Item added to cart: CafeLatte
Item Price: 16.0
Total spending: 80.0

Promo Element not visible as expected...
PROMO ACCEPTED
Order total based on manual count: 46.0
Curent cart container price: Total: $46.00

(assertThuotalPriceAndTotalBasedOnSite)=========================================================================================== 
Total value based on manualCounter: 46.0
Total value based on site: 46.0
Cart list verified and matches the manual order list
]]></system-out>
    <system-err><![CDATA[[main] INFO org.testng.internal.Utils - [Utils] DynamicGraphHelper.createDynamicGraph() took 0 ms.
[main] INFO org.testng.internal.Utils - [TestTaskExecutor] Starting executor test 2147483647 with time out: 2147483647 milliseconds.
]]></system-err>
  </testcase>
  <testcase name="addAllItemsToCart" classname="com.example.coffee_cart_app.testClasses.menuPage" time="0.196">
    <system-out><![CDATA[
(Test Method completed)=========================================================================================== 
Item added to cart: EspressoConPanna
Item Price: 14.0
Total spending: 119.0

Promo Appeared =>>>
It's your lucky day! Get an extra cup of Mocha for $4.
PROMO REJECTED
Order total based on manual count: 119.0
Curent cart container price: Total: $119.00

(assertThuotalPriceAndTotalBasedOnSite)=========================================================================================== 
Total value based on manualCounter: 119.0
Total value based on site: 119.0
Cart list verified and matches the manual order list
]]></system-out>
  </testcase>
  <testcase name="addAllItemsToCart" classname="com.example.coffee_cart_app.testClasses.menuPage" time="0.766">
    <system-out><![CDATA[
(Test Method completed)=========================================================================================== 
Item added to cart: EspressoConPanna
Item Price: 14.0
Total spending: 119.0

Promo Appeared =>>>
It's your lucky day! Get an extra cup of Mocha for $4.
PROMO REJECTED
Order total based on manual count: 119.0
Curent cart container price: Total: $119.00

(assertThuotalPriceAndTotalBasedOnSite)=========================================================================================== 
Total value based on manualCounter: 119.0
Total value based on site: 119.0
Item added to cart: Mocha
Item Price: 8.0
Total spending: 8.0

Promo Element not visible as expected...

(navigateToCartPage)=========================================================================================== 
Orders recognized, proceed
Cart list verified and matches the manual order list

(Starting assertMenuTopBar)=========================================================================================== 
]]></system-out>
  </testcase>
  <testcase name="addAllItemsToCart" classname="com.example.coffee_cart_app.testClasses.menuPage" time="3.732">
    <system-out><![CDATA[
(Test Method completed)=========================================================================================== 
Item added to cart: CafeLatte
Item Price: 16.0
Total spending: 96.0

Promo Appeared =>>>
It's your lucky day! Get an extra cup of Mocha for $4.
PROMO REJECTED
Item added to cart: CafeLatte
Item Price: 16.0
Total spending: 112.0

Promo Element not visible as expected...
Item added to cart: CafeLatte
Item Price: 16.0
Total spending: 128.0

Promo Element not visible as expected...
Item added to cart: CafeLatte
Item Price: 16.0
Total spending: 144.0

Promo Appeared =>>>
It's your lucky day! Get an extra cup of Mocha for $4.
Item added to cart: Espresso
Item Price: 10.0
Total spending: 10.0

Promo Element not visible as expected...
PROMO REJECTED
Item added to cart: EspressoMacchiato
Item Price: 12.0
Total spending: 22.0

Promo Element not visible as expected...
Item added to cart: CafeLatte
Item Price: 16.0
Total spending: 160.0

Promo Element not visible as expected...
Item added to cart: Cappuccino
Item Price: 19.0
Total spending: 41.0

Promo Appeared =>>>
It's your lucky day! Get an extra cup of Mocha for $4.
Item added to cart: CafeLatte
Item Price: 16.0
Total spending: 176.0

Promo Element not visible as expected...
PROMO REJECTED
Item added to cart: CafeLatte
Item Price: 16.0
Total spending: 192.0

Promo Appeared =>>>
It's your lucky day! Get an extra cup of Mocha for $4.
Item added to cart: Mocha
Item Price: 8.0
Total spending: 49.0

Promo Element not visible as expected...
PROMO REJECTED
Item added to cart: FlatWhite
Item Price: 18.0
Total spending: 67.0

Promo Element not visible as expected...
Item added to cart: CafeLatte
Item Price: 16.0
Total spending: 208.0

Promo Element not visible as expected...
Item added to cart: Americano
Item Price: 7.0
Total spending: 74.0

Promo Appeared =>>>
It's your lucky day! Get an extra cup of Mocha for $4.
Item added to cart: CafeLatte
Item Price: 16.0
Total spending: 224.0

Promo Element not visible as expected...
PROMO REJECTED
Item added to cart: CafeLatte
Item Price: 16.0
Total spending: 240.0

Promo Appeared =>>>
It's your lucky day! Get an extra cup of Mocha for $4.
PROMO REJECTED
Item added to cart: CafeLatte
Item Price: 16.0
Total spending: 90.0

Promo Element not visible as expected...
Item added to cart: CafeLatte
Item Price: 16.0
Total spending: 256.0

Promo Element not visible as expected...
Item added to cart: CafeBreve
Item Price: 15.0
Total spending: 105.0

Promo Element not visible as expected...
Item added to cart: CafeLatte
Item Price: 16.0
Total spending: 272.0

Promo Element not visible as expected...
Item added to cart: CafeLatte
Item Price: 16.0
Total spending: 288.0

Promo Appeared =>>>
It's your lucky day! Get an extra cup of Mocha for $4.
Item added to cart: EspressoConPanna
Item Price: 14.0
Total spending: 119.0

Promo Appeared =>>>
It's your lucky day! Get an extra cup of Mocha for $4.
PROMO REJECTED
PROMO REJECTED
Order total based on manual count: 119.0
Curent cart container price: Total: $119.00

(assertThuotalPriceAndTotalBasedOnSite)=========================================================================================== 
Total value based on manualCounter: 119.0
Total value based on site: 119.0
Cart list verified and matches the manual order list
]]></system-out>
  </testcase>
  <testcase name="pickASingleItem" classname="com.example.coffee_cart_app.testClasses.menuPage" time="0.58">
    <system-out><![CDATA[
(Test Method completed)=========================================================================================== 
Item added to cart: Cappuccino
Item Price: 19.0
Total spending: 19.0

Promo Element not visible as expected...
Curent cart container price: Total: $19.00

(assertThuotalPriceAndTotalBasedOnSite)=========================================================================================== 
Total value based on manualCounter: 19.0
Total value based on site: 19.0
]]></system-out>
  </testcase>
  <testcase name="pickASingleItem" classname="com.example.coffee_cart_app.testClasses.menuPage" time="0.333">
    <system-out><![CDATA[
(Test Method completed)=========================================================================================== 
Item added to cart: Cappuccino
Item Price: 19.0
Total spending: 19.0

Promo Element not visible as expected...
Curent cart container price: Total: $19.00

(assertThuotalPriceAndTotalBasedOnSite)=========================================================================================== 
Total value based on manualCounter: 19.0
Total value based on site: 19.0
]]></system-out>
  </testcase>
  <testcase name="pickASingleItem" classname="com.example.coffee_cart_app.testClasses.menuPage" time="0.748">
    <system-out><![CDATA[
(Test Method completed)=========================================================================================== 
Item added to cart: CafeLatte
Item Price: 16.0
Total spending: 304.0

Promo Element not visible as expected...
Item added to cart: CafeLatte
Item Price: 16.0
Total spending: 320.0

Promo Element not visible as expected...
Successfully ordered: 20 Cafe Latte
Order total based on manual count: 320.0

(navigateToCartPage)=========================================================================================== 
Orders recognized, proceed
Curent cart container price: Total: $320.00
Item name: Cafe Latte
Item quantity: 20
Item name: Cafe Latte
Item added to cart: Cappuccino
Item Price: 19.0
Total spending: 19.0

Promo Element not visible as expected...
Curent cart container price: Total: $19.00

(assertThuotalPriceAndTotalBasedOnSite)=========================================================================================== 
Total value based on manualCounter: 19.0
Total value based on site: 19.0
]]></system-out>
  </testcase>
  <testcase name="pickDifferentItems" classname="com.example.coffee_cart_app.testClasses.menuPage" time="1.021">
    <system-out><![CDATA[
(Test Method completed)=========================================================================================== 
Item added to cart: Espresso
Item Price: 10.0
Total spending: 10.0

Promo Element not visible as expected...
Item added to cart: EspressoMacchiato
Item Price: 12.0
Total spending: 22.0

Promo Element not visible as expected...
Item added to cart: Cappuccino
Item Price: 19.0
Total spending: 41.0

Promo Appeared =>>>
It's your lucky day! Get an extra cup of Mocha for $4.
PROMO REJECTED
Item added to cart: Mocha
Item Price: 8.0
Total spending: 49.0

Promo Element not visible as expected...
Item added to cart: Mocha
Item Price: 8.0
Total spending: 8.0

Promo Element not visible as expected...
Item added to cart: FlatWhite
Item Price: 18.0
Total spending: 67.0

Promo Element not visible as expected...
Item added to cart: FlatWhite
Item Price: 18.0
Total spending: 26.0

Promo Element not visible as expected...
Item added to cart: Americano
Item Price: 7.0
Total spending: 74.0

Promo Appeared =>>>
It's your lucky day! Get an extra cup of Mocha for $4.
Item added to cart: CafeLatte
Item Price: 16.0
Total spending: 42.0

PROMO REJECTED
Promo Appeared =>>>
It's your lucky day! Get an extra cup of Mocha for $4.
PROMO REJECTED
Item added to cart: EspressoConPanna
Item Price: 14.0
Total spending: 56.0

Promo Element not visible as expected...
Item added to cart: CafeBreve
Item Price: 15.0
Total spending: 71.0

Promo Element not visible as expected...
Order total based on manual count: 71.0
Curent cart container price: Total: $71.00

(assertThuotalPriceAndTotalBasedOnSite)=========================================================================================== 
Total value based on manualCounter: 71.0
Total value based on site: 71.0
Cart list verified and matches the manual order list
]]></system-out>
  </testcase>
  <testcase name="pickDifferentItems" classname="com.example.coffee_cart_app.testClasses.menuPage" time="1.038">
    <system-out><![CDATA[
(Test Method completed)=========================================================================================== 
Item added to cart: Espresso
Item Price: 10.0
Total spending: 10.0

Promo Element not visible as expected...
Item added to cart: EspressoMacchiato
Item Price: 12.0
Total spending: 22.0

Promo Element not visible as expected...
Item added to cart: Cappuccino
Item Price: 19.0
Total spending: 41.0

Promo Appeared =>>>
It's your lucky day! Get an extra cup of Mocha for $4.
PROMO REJECTED
Item added to cart: Mocha
Item Price: 8.0
Total spending: 49.0

Promo Element not visible as expected...
Item added to cart: FlatWhite
Item Price: 18.0
Total spending: 67.0

Promo Element not visible as expected...
Item added to cart: Americano
Item Price: 7.0
Total spending: 74.0

Promo Appeared =>>>
It's your lucky day! Get an extra cup of Mocha for $4.
PROMO REJECTED
Item added to cart: Mocha
Item Price: 8.0
Total spending: 8.0

Promo Element not visible as expected...
Item added to cart: FlatWhite
Item Price: 18.0
Total spending: 26.0

Promo Element not visible as expected...
Item added to cart: CafeLatte
Item Price: 16.0
Total spending: 42.0

Promo Appeared =>>>
It's your lucky day! Get an extra cup of Mocha for $4.
PROMO REJECTED
Item added to cart: EspressoConPanna
Item Price: 14.0
Total spending: 56.0

Promo Element not visible as expected...
Item added to cart: CafeBreve
Item Price: 15.0
Total spending: 71.0

Promo Element not visible as expected...
Order total based on manual count: 71.0
Curent cart container price: Total: $71.00

(assertThuotalPriceAndTotalBasedOnSite)=========================================================================================== 
Total value based on manualCounter: 71.0
Total value based on site: 71.0
Item added to cart: CafeLatte
Item Price: 16.0
Total spending: 90.0

Promo Element not visible as expected...
Cart list verified and matches the manual order list
]]></system-out>
  </testcase>
  <testcase name="pickDifferentItems" classname="com.example.coffee_cart_app.testClasses.menuPage" time="0.604">
    <system-out><![CDATA[
(Test Method completed)=========================================================================================== 
PROMO REJECTED
Item added to cart: EspressoConPanna
Item Price: 14.0
Total spending: 56.0

Promo Element not visible as expected...
Item added to cart: CafeBreve
Item Price: 15.0
Total spending: 71.0

Promo Element not visible as expected...
Order total based on manual count: 71.0
Curent cart container price: Total: $71.00

(assertThuotalPriceAndTotalBasedOnSite)=========================================================================================== 
Total value based on manualCounter: 71.0
Total value based on site: 71.0
Cart list verified and matches the manual order list
]]></system-out>
  </testcase>
  <testcase name="pickMultipleOfTheSameItem" classname="com.example.coffee_cart_app.testClasses.menuPage" time="0.879">
    <system-out><![CDATA[
(Test Method completed)=========================================================================================== 
Item added to cart: CafeLatte
Item Price: 16.0
Total spending: 90.0

Promo Element not visible as expected...
Item added to cart: Mocha
Item Price: 8.0
Total spending: 8.0

Promo Element not visible as expected...
Item added to cart: Mocha
Item Price: 8.0
Total spending: 16.0

Promo Element not visible as expected...
Item added to cart: CafeBreve
Item Price: 15.0
Total spending: 105.0

Promo Element not visible as expected...
Item added to cart: Mocha
Item Price: 8.0
Total spending: 24.0

Promo Appeared =>>>
It's your lucky day! Get an extra cup of Mocha for $4.
PROMO REJECTED
Item added to cart: Mocha
Item Price: 8.0
Total spending: 32.0

Promo Element not visible as expected...
Item added to cart: Mocha
Item Price: 8.0
Total spending: 40.0

Promo Element not visible as expected...
Successfully ordered: 5 Mocha
Order total based on manual count: 40.0
Curent cart container price: Total: $40.00

(assertThuotalPriceAndTotalBasedOnSite)=========================================================================================== 
Total value based on manualCounter: 40.0
Total value based on site: 40.0
]]></system-out>
  </testcase>
  <testcase name="pickMultipleOfTheSameItem" classname="com.example.coffee_cart_app.testClasses.menuPage" time="0.879">
    <system-out><![CDATA[
(Test Method completed)=========================================================================================== 
Item added to cart: CafeBreve
Item Price: 15.0
Total spending: 105.0

Promo Element not visible as expected...
Item added to cart: Mocha
Item Price: 8.0
Total spending: 8.0

Promo Element not visible as expected...
Item added to cart: Mocha
Item Price: 8.0
Total spending: 16.0

Promo Element not visible as expected...
Item added to cart: Mocha
Item Price: 8.0
Total spending: 24.0

Promo Appeared =>>>
It's your lucky day! Get an extra cup of Mocha for $4.
PROMO REJECTED
Item added to cart: Mocha
Item Price: 8.0
Total spending: 32.0

Promo Element not visible as expected...
Item added to cart: EspressoConPanna
Item Price: 14.0
Total spending: 119.0

Item added to cart: Mocha
Item Price: 8.0
Total spending: 40.0

Promo Element not visible as expected...
Successfully ordered: 5 Mocha
Order total based on manual count: 40.0
Curent cart container price: Total: $40.00

(assertThuotalPriceAndTotalBasedOnSite)=========================================================================================== 
Total value based on manualCounter: 40.0
Total value based on site: 40.0
]]></system-out>
  </testcase>
  <testcase name="pickMultipleOfTheSameItem" classname="com.example.coffee_cart_app.testClasses.menuPage" time="1.925">
    <system-out><![CDATA[
(Test Method completed)=========================================================================================== 
Item added to cart: Mocha
Item Price: 8.0
Total spending: 8.0

Promo Element not visible as expected...
Item added to cart: Mocha
Item Price: 8.0
Total spending: 16.0

Promo Element not visible as expected...
Item added to cart: Mocha
Item Price: 8.0
Total spending: 24.0

Promo Appeared =>>>
It's your lucky day! Get an extra cup of Mocha for $4.
PROMO REJECTED
Item added to cart: Mocha
Item Price: 8.0
Total spending: 8.0

Promo Element not visible as expected...
Item added to cart: Mocha
Item Price: 8.0
Total spending: 32.0

Promo Element not visible as expected...
Item added to cart: Mocha
Item Price: 8.0
Total spending: 40.0

Promo Element not visible as expected...
Item added to cart: Mocha
Item Price: 8.0
Total spending: 16.0

Promo Element not visible as expected...
Item added to cart: Mocha
Item Price: 8.0
Total spending: 48.0

Promo Appeared =>>>
It's your lucky day! Get an extra cup of Mocha for $4.
Item added to cart: Mocha
Item Price: 8.0
Total spending: 24.0

Promo Appeared =>>>
It's your lucky day! Get an extra cup of Mocha for $4.
PROMO REJECTED
PROMO REJECTED
Item added to cart: Mocha
Item Price: 8.0
Total spending: 56.0

Promo Element not visible as expected...
Item added to cart: Mocha
Item Price: 8.0
Total spending: 32.0

Promo Element not visible as expected...
Item added to cart: Mocha
Item Price: 8.0
Total spending: 64.0

Promo Element not visible as expected...
Item added to cart: Mocha
Item Price: 8.0
Total spending: 40.0

Promo Element not visible as expected...
Successfully ordered: 5 Mocha
Order total based on manual count: 40.0
Curent cart container price: Total: $40.00

(assertThuotalPriceAndTotalBasedOnSite)=========================================================================================== 
Total value based on manualCounter: 40.0
Total value based on site: 40.0
]]></system-out>
  </testcase>
  <testcase name="rejectPromo" classname="com.example.coffee_cart_app.testClasses.menuPage" time="0.176">
    <system-out><![CDATA[
(Test Method completed)=========================================================================================== 
Item added to cart: FlatWhite
Item Price: 18.0
Total spending: 26.0

Promo Element not visible as expected...
Item added to cart: CafeLatte
Item Price: 16.0
Total spending: 42.0

Promo Appeared =>>>
It's your lucky day! Get an extra cup of Mocha for $4.
PROMO REJECTED
Order total based on manual count: 42.0
Curent cart container price: Total: $42.00

(assertThuotalPriceAndTotalBasedOnSite)=========================================================================================== 
Total value based on manualCounter: 42.0
Total value based on site: 42.0
Cart list verified and matches the manual order list
]]></system-out>
  </testcase>
  <testcase name="rejectPromo" classname="com.example.coffee_cart_app.testClasses.menuPage" time="0.795">
    <system-out><![CDATA[
(Test Method completed)=========================================================================================== 
Item added to cart: Mocha
Item Price: 8.0
Total spending: 8.0

Promo Element not visible as expected...
Item added to cart: FlatWhite
Item Price: 18.0
Total spending: 26.0

Promo Element not visible as expected...
Item added to cart: CafeLatte
Item Price: 16.0
Total spending: 42.0

Item added to cart: Mocha
Item Price: 8.0
Total spending: 8.0

Promo Element not visible as expected...
Promo Appeared =>>>
It's your lucky day! Get an extra cup of Mocha for $4.
PROMO REJECTED
Order total based on manual count: 42.0
Curent cart container price: Total: $42.00

(assertThuotalPriceAndTotalBasedOnSite)=========================================================================================== 
Item added to cart: FlatWhite
Total value based on manualCounter: 42.0
Total value based on site: 42.0
Item Price: 18.0
Total spending: 26.0

Promo Element not visible as expected...
Item added to cart: CafeLatte
Item Price: 16.0
Total spending: 42.0

Promo Appeared =>>>
It's your lucky day! Get an extra cup of Mocha for $4.
PROMO REJECTED
Cart list verified and matches the manual order list
]]></system-out>
  </testcase>
  <testcase name="rejectPromo" classname="com.example.coffee_cart_app.testClasses.menuPage" time="1.574">
    <system-out><![CDATA[
(Test Method completed)=========================================================================================== 
Item added to cart: Mocha
Item Price: 8.0
Total spending: 72.0

Promo Appeared =>>>
It's your lucky day! Get an extra cup of Mocha for $4.
PROMO REJECTED
Item added to cart: Mocha
Item Price: 8.0
Total spending: 80.0

Promo Element not visible as expected...
Successfully ordered: 10 Mocha
Order total based on manual count: 80.0

(navigateToCartPage)=========================================================================================== 
Orders recognized, proceed
Curent cart container price: Total: $80.00
Item name: Mocha
Item quantity: 10
Item name: Mocha
Item added to cart: Mocha
Item Price: 8.0
Total spending: 8.0

Promo Element not visible as expected...
Item added to cart: FlatWhite
Item Price: 18.0
Total spending: 26.0

Promo Element not visible as expected...
Item added to cart: CafeLatte
Item Price: 16.0
Total spending: 42.0

Promo Appeared =>>>
It's your lucky day! Get an extra cup of Mocha for $4.
PROMO REJECTED
Order total based on manual count: 42.0
Curent cart container price: Total: $42.00

(assertThuotalPriceAndTotalBasedOnSite)=========================================================================================== 
Total value based on manualCounter: 42.0
Total value based on site: 42.0
Cart list verified and matches the manual order list
]]></system-out>
  </testcase>
  <testcase name="testMenuPageElementsVisibility" classname="com.example.coffee_cart_app.testClasses.menuPage" time="0.414">
    <system-out><![CDATA[
(Test Method completed)=========================================================================================== 
]]></system-out>
  </testcase>
  <testcase name="testMenuPageElementsVisibility" classname="com.example.coffee_cart_app.testClasses.menuPage" time="0.96">
    <system-out><![CDATA[
(Test Method completed)=========================================================================================== 
All top menu bar elements Verified

(Starting assertMenuItems)=========================================================================================== 
Item name: Espresso
Item price: 10.0

All Menu Items Verified 
Item name: EspressoMacchiato
Item price: 12.0

All Menu Items Verified 
Item name: Cappuccino
Item price: 19.0

All Menu Items Verified 
Item name: Mocha
Item price: 8.0

All Menu Items Verified 
Item name: FlatWhite
Item price: 18.0

All Menu Items Verified 
Item name: Americano
Item price: 7.0

All Menu Items Verified 
Item name: CafeLatte
Item price: 16.0

All Menu Items Verified 
Item name: EspressoConPanna
Item price: 14.0

All Menu Items Verified 
Item name: CafeBreve
Item price: 15.0

All Menu Items Verified 
Item added to cart: Mocha
Item Price: 8.0
Total spending: 8.0

Promo Element not visible as expected...
Item added to cart: FlatWhite
Item Price: 18.0
Total spending: 26.0

Promo Element not visible as expected...
Item added to cart: CafeLatte
Item Price: 16.0
Total spending: 42.0

Promo Appeared =>>>
It's your lucky day! Get an extra cup of Mocha for $4.
PROMO REJECTED
Item added to cart: EspressoConPanna
Item Price: 14.0
Total spending: 56.0

Promo Element not visible as expected...
Item added to cart: CafeBreve
Item Price: 15.0
Total spending: 71.0

Promo Element not visible as expected...
Order total based on manual count: 71.0
]]></system-out>
  </testcase>
  <testcase name="testMenuPageElementsVisibility" classname="com.example.coffee_cart_app.testClasses.menuPage" time="0.969">
    <system-out><![CDATA[
(Test Method completed)=========================================================================================== 
]]></system-out>
  </testcase>
  <testcase name="addToCartThenDecreaseQuantity" classname="com.example.coffee_cart_app.testClasses.cartPage" time="1.13">
    <system-out><![CDATA[
(Test Method completed)=========================================================================================== 
PROMO REJECTED
Item added to cart: CafeLatte
Item Price: 16.0
Total spending: 112.0

Promo Element not visible as expected...
Item added to cart: CafeLatte
Item Price: 16.0
Total spending: 128.0

Promo Element not visible as expected...
Item added to cart: CafeLatte
Item Price: 16.0
Total spending: 144.0

Promo Appeared =>>>
It's your lucky day! Get an extra cup of Mocha for $4.
PROMO REJECTED
Item added to cart: CafeLatte
Item Price: 16.0
Total spending: 160.0

Promo Element not visible as expected...
Item added to cart: CafeLatte
Item Price: 16.0
Total spending: 176.0

Promo Element not visible as expected...
Item added to cart: CafeLatte
Item Price: 16.0
Total spending: 192.0

Promo Appeared =>>>
It's your lucky day! Get an extra cup of Mocha for $4.
PROMO REJECTED
Item added to cart: CafeLatte
Item Price: 16.0
Total spending: 208.0

Promo Element not visible as expected...
Item added to cart: CafeLatte
Item Price: 16.0
Total spending: 224.0

Promo Element not visible as expected...
Item added to cart: CafeLatte
Item Price: 16.0
Total spending: 240.0

Promo Appeared =>>>
It's your lucky day! Get an extra cup of Mocha for $4.
PROMO REJECTED
Item added to cart: CafeLatte
Item Price: 16.0
Total spending: 256.0

Promo Element not visible as expected...
Item added to cart: CafeLatte
Item Price: 16.0
Total spending: 272.0

Promo Element not visible as expected...
Item added to cart: CafeLatte
Item Price: 16.0
Total spending: 288.0

Promo Appeared =>>>
It's your lucky day! Get an extra cup of Mocha for $4.
PROMO REJECTED
Item added to cart: Espresso
Item Price: 10.0
Total spending: 10.0

Promo Element not visible as expected...
Item added to cart: CafeLatte
Item Price: 16.0
Total spending: 304.0

Promo Element not visible as expected...
Item added to cart: EspressoMacchiato
Item Price: 12.0
Total spending: 22.0

Promo Element not visible as expected...
Item added to cart: CafeLatte
Item Price: 16.0
Total spending: 320.0

Promo Element not visible as expected...
Successfully ordered: 20 Cafe Latte
Order total based on manual count: 320.0
Item added to cart: Cappuccino
Item Price: 19.0
Total spending: 41.0

Promo Appeared =>>>
It's your lucky day! Get an extra cup of Mocha for $4.

(navigateToCartPage)=========================================================================================== 
Orders recognized, proceed
Curent cart container price: Total: $320.00
PROMO REJECTED
Item name: Cafe Latte
Item quantity: 20
Item added to cart: Mocha
Item Price: 8.0
Total spending: 49.0

Promo Element not visible as expected...
Item name: Cafe Latte
Item added to cart: FlatWhite
Item Price: 18.0
Total spending: 67.0

Promo Element not visible as expected...
Item added to cart: Americano
Item Price: 7.0
Total spending: 74.0

Promo Appeared =>>>
It's your lucky day! Get an extra cup of Mocha for $4.
PROMO REJECTED
Order quantity after operation: 10
Curent cart container price: Total: $160.00
Item name: Cafe Latte
Item quantity: 10
]]></system-out>
  </testcase>
  <testcase name="addToCartThenDecreaseQuantity" classname="com.example.coffee_cart_app.testClasses.cartPage" time="0.675">
    <system-out><![CDATA[
(Test Method completed)=========================================================================================== 
Item added to cart: CafeLatte
Item Price: 16.0
Total spending: 224.0

Promo Element not visible as expected...
Item added to cart: CafeLatte
Item Price: 16.0
Total spending: 240.0

Promo Appeared =>>>
It's your lucky day! Get an extra cup of Mocha for $4.
PROMO REJECTED
Item added to cart: CafeLatte
Item Price: 16.0
Total spending: 256.0

Promo Element not visible as expected...
Item added to cart: CafeLatte
Item Price: 16.0
Total spending: 272.0

Promo Element not visible as expected...
Item added to cart: CafeLatte
Item Price: 16.0
Total spending: 288.0

Promo Appeared =>>>
It's your lucky day! Get an extra cup of Mocha for $4.
PROMO REJECTED
Item added to cart: CafeLatte
Item Price: 16.0
Total spending: 304.0

Promo Element not visible as expected...
Item added to cart: CafeLatte
Item Price: 16.0
Total spending: 320.0

Promo Element not visible as expected...
Successfully ordered: 20 Cafe Latte
Order total based on manual count: 320.0

(navigateToCartPage)=========================================================================================== 
Orders recognized, proceed
Curent cart container price: Total: $320.00
Item name: Cafe Latte
Item quantity: 20
Item name: Cafe Latte
Item added to cart: Espresso
Item Price: 10.0
Total spending: 10.0

Promo Element not visible as expected...
Order quantity after operation: 10
Curent cart container price: Total: $160.00
Item added to cart: EspressoMacchiato
Item Price: 12.0
Total spending: 22.0

Promo Element not visible as expected...
Item name: Cafe Latte
Item quantity: 10
]]></system-out>
  </testcase>
  <testcase name="addToCartThenDecreaseQuantity" classname="com.example.coffee_cart_app.testClasses.cartPage" time="1.267">
    <system-out><![CDATA[
(Test Method completed)=========================================================================================== 
Item added to cart: Mocha
Item Price: 8.0
Total spending: 8.0

Promo Element not visible as expected...
Item added to cart: FlatWhite
Item Price: 18.0
Total spending: 26.0

Promo Element not visible as expected...
Item added to cart: CafeLatte
Item Price: 16.0
Total spending: 42.0

Promo Appeared =>>>
It's your lucky day! Get an extra cup of Mocha for $4.
Order quantity after operation: 10
Curent cart container price: Total: $160.00
Item name: Cafe Latte
Item quantity: 10
]]></system-out>
  </testcase>
  <testcase name="addToCartThenIncreaseQuantity" classname="com.example.coffee_cart_app.testClasses.cartPage" time="1.661">
    <system-out><![CDATA[
(Test Method completed)=========================================================================================== 
Item added to cart: CafeLatte
Item Price: 16.0
Total spending: 90.0

Promo Element not visible as expected...
Item added to cart: Mocha
Item Price: 8.0
Total spending: 8.0

Promo Element not visible as expected...
Item added to cart: Mocha
Item Price: 8.0
Total spending: 16.0

Promo Element not visible as expected...
Item added to cart: Mocha
Item Price: 8.0
Total spending: 24.0

Promo Appeared =>>>
It's your lucky day! Get an extra cup of Mocha for $4.
PROMO REJECTED
Item added to cart: Mocha
Item Price: 8.0
Total spending: 32.0

Promo Element not visible as expected...
Item added to cart: Mocha
Item Price: 8.0
Total spending: 40.0

Promo Element not visible as expected...
Item added to cart: Mocha
Item Price: 8.0
Total spending: 48.0

Promo Appeared =>>>
It's your lucky day! Get an extra cup of Mocha for $4.
PROMO REJECTED
Item added to cart: CafeBreve
Item Price: 15.0
Total spending: 105.0

Promo Element not visible as expected...
Item added to cart: Mocha
Item Price: 8.0
Total spending: 56.0

Promo Element not visible as expected...
Item added to cart: Mocha
Item Price: 8.0
Total spending: 64.0

Promo Element not visible as expected...
Item added to cart: Mocha
Item Price: 8.0
Total spending: 72.0

Promo Appeared =>>>
It's your lucky day! Get an extra cup of Mocha for $4.
PROMO REJECTED
Item added to cart: Mocha
Item Price: 8.0
Total spending: 80.0

Promo Element not visible as expected...
Successfully ordered: 10 Mocha
Order total based on manual count: 80.0

(navigateToCartPage)=========================================================================================== 
Orders recognized, proceed
Curent cart container price: Total: $80.00
Item name: Mocha
Item quantity: 10
Item name: Mocha
Order quantity after operation: 20
Curent cart container price: Total: $160.00
Item name: Mocha
Item quantity: 20
]]></system-out>
  </testcase>
  <testcase name="addToCartThenIncreaseQuantity" classname="com.example.coffee_cart_app.testClasses.cartPage" time="1.977">
    <system-out><![CDATA[
(Test Method completed)=========================================================================================== 
Item added to cart: Cappuccino
Item Price: 19.0
Total spending: 41.0

Promo Appeared =>>>
It's your lucky day! Get an extra cup of Mocha for $4.
PROMO REJECTED
Item added to cart: Mocha
Item Price: 8.0
Total spending: 49.0

Promo Element not visible as expected...
Item added to cart: FlatWhite
Item Price: 18.0
Total spending: 67.0

Promo Element not visible as expected...
Item added to cart: Americano
Item Price: 7.0
Total spending: 74.0

Promo Appeared =>>>
It's your lucky day! Get an extra cup of Mocha for $4.
PROMO REJECTED
Item added to cart: Mocha
Item Price: 8.0
Total spending: 8.0

Promo Element not visible as expected...
Item added to cart: Mocha
Item Price: 8.0
Total spending: 16.0

Promo Element not visible as expected...
Item added to cart: Mocha
Item Price: 8.0
Total spending: 24.0

Promo Appeared =>>>
It's your lucky day! Get an extra cup of Mocha for $4.
PROMO REJECTED
Item added to cart: CafeLatte
Item Price: 16.0
Total spending: 90.0

Promo Element not visible as expected...
Item added to cart: Mocha
Item Price: 8.0
Total spending: 32.0

Promo Element not visible as expected...
Item added to cart: Mocha
Item Price: 8.0
Total spending: 40.0

Promo Element not visible as expected...
Item added to cart: Mocha
Item Price: 8.0
Total spending: 48.0

Promo Appeared =>>>
It's your lucky day! Get an extra cup of Mocha for $4.
PROMO REJECTED
Item added to cart: Mocha
Item Price: 8.0
Total spending: 56.0

Promo Element not visible as expected...
Item added to cart: Mocha
Item Price: 8.0
Total spending: 64.0

Promo Element not visible as expected...
Item added to cart: Mocha
Item Price: 8.0
Total spending: 72.0

Promo Appeared =>>>
It's your lucky day! Get an extra cup of Mocha for $4.
PROMO REJECTED
Item added to cart: Mocha
Item Price: 8.0
Total spending: 80.0

Promo Element not visible as expected...
Successfully ordered: 10 Mocha
Order total based on manual count: 80.0

(navigateToCartPage)=========================================================================================== 
Orders recognized, proceed
Curent cart container price: Total: $80.00
Item name: Mocha
Item quantity: 10
Item name: Mocha
Item added to cart: CafeBreve
Item Price: 15.0
Total spending: 105.0

Promo Element not visible as expected...
Order quantity after operation: 20
Curent cart container price: Total: $160.00
Item name: Mocha
Item quantity: 20
]]></system-out>
  </testcase>
  <testcase name="addToCartThenIncreaseQuantity" classname="com.example.coffee_cart_app.testClasses.cartPage" time="0.826">
    <system-out><![CDATA[
(Test Method completed)=========================================================================================== 

(Starting assertMenuTopBar)=========================================================================================== 
All top menu bar elements Verified

(Starting assertMenuItems)=========================================================================================== 
Item name: Espresso
Item price: 10.0

All Menu Items Verified 
Item name: EspressoMacchiato
Item price: 12.0

All Menu Items Verified 
Item name: Cappuccino
Item price: 19.0

All Menu Items Verified 
Item name: Mocha
Item price: 8.0

All Menu Items Verified 
Item name: FlatWhite
Item price: 18.0

All Menu Items Verified 
Item name: Americano
Item price: 7.0

All Menu Items Verified 
Item name: CafeLatte
Item price: 16.0

All Menu Items Verified 
Item name: EspressoConPanna
Item price: 14.0

All Menu Items Verified 
Item name: CafeBreve
Item price: 15.0

All Menu Items Verified 
Order quantity after operation: 20
Curent cart container price: Total: $160.00
Item name: Mocha
Item quantity: 20
]]></system-out>
  </testcase>
  <testcase name="assertCartPageElements" classname="com.example.coffee_cart_app.testClasses.cartPage" time="0.478">
    <system-out><![CDATA[
(Test Method completed)=========================================================================================== 
Item added to cart: Mocha
Item Price: 8.0
Total spending: 8.0

Promo Element not visible as expected...

(navigateToCartPage)=========================================================================================== 
Orders recognized, proceed

(Starting assertMenuTopBar)=========================================================================================== 
All top menu bar elements Verified
Items in cart
Item: Mocha, Price and quantity: $8.00 x 1, TOTAL: $8.00
No Validation Error found as expected...
Cart page elements verified
]]></system-out>
  </testcase>
  <testcase name="assertCartPageElements" classname="com.example.coffee_cart_app.testClasses.cartPage" time="0.102">
    <system-out><![CDATA[
(Test Method completed)=========================================================================================== 
All top menu bar elements Verified
Items in cart
Item: Mocha, Price and quantity: $8.00 x 1, TOTAL: $8.00
No Validation Error found as expected...
Cart page elements verified
]]></system-out>
  </testcase>
  <testcase name="assertCartPageElements" classname="com.example.coffee_cart_app.testClasses.cartPage" time="1.575">
    <system-out><![CDATA[
(Test Method completed)=========================================================================================== 
Item added to cart: Mocha
Item Price: 8.0
Total spending: 8.0

Promo Element not visible as expected...

(navigateToCartPage)=========================================================================================== 
Orders recognized, proceed

(Starting assertMenuTopBar)=========================================================================================== 
All top menu bar elements Verified
Items in cart
Item: Mocha, Price and quantity: $8.00 x 1, TOTAL: $8.00
No Validation Error found as expected...
Cart page elements verified
]]></system-out>
  </testcase>
  <testcase name="checkOutAllItemsInMenu" classname="com.example.coffee_cart_app.testClasses.cartPage" time="0.621">
    <system-out><![CDATA[
(Test Method completed)=========================================================================================== 
Item added to cart: EspressoConPanna
Item Price: 14.0
Total spending: 119.0

Promo Appeared =>>>
It's your lucky day! Get an extra cup of Mocha for $4.
PROMO REJECTED
Order total based on manual count: 119.0

(navigateToCartPage)=========================================================================================== 
Orders recognized, proceed
Item added to cart: Mocha
Item Price: 8.0
Total spending: 8.0

Promo Element not visible as expected...
No Validation Error found as expected...
Checking out all items verified
]]></system-out>
  </testcase>
  <testcase name="checkOutAllItemsInMenu" classname="com.example.coffee_cart_app.testClasses.cartPage" time="1.199">
    <system-out><![CDATA[
(Test Method completed)=========================================================================================== 
Promo Appeared =>>>
It's your lucky day! Get an extra cup of Mocha for $4.
PROMO REJECTED
Order total based on manual count: 119.0

(navigateToCartPage)=========================================================================================== 
Orders recognized, proceed
No Validation Error found as expected...
Checking out all items verified
]]></system-out>
  </testcase>
  <testcase name="checkOutAllItemsInMenu" classname="com.example.coffee_cart_app.testClasses.cartPage" time="4.216">
    <system-out><![CDATA[
(Test Method completed)=========================================================================================== 
Item added to cart: Espresso
Item Price: 10.0
Total spending: 10.0

Promo Element not visible as expected...
Item added to cart: EspressoMacchiato
Item Price: 12.0
Total spending: 22.0

Promo Element not visible as expected...
Item added to cart: Cappuccino
Item Price: 19.0
Total spending: 41.0

Promo Appeared =>>>
It's your lucky day! Get an extra cup of Mocha for $4.
PROMO REJECTED
Item added to cart: Mocha
Item Price: 8.0
Total spending: 49.0

Promo Element not visible as expected...
Item added to cart: FlatWhite
Item Price: 18.0
Total spending: 67.0

Promo Element not visible as expected...
Item added to cart: Americano
Item Price: 7.0
Total spending: 74.0

Promo Appeared =>>>
It's your lucky day! Get an extra cup of Mocha for $4.
PROMO REJECTED
Item added to cart: CafeLatte
Item Price: 16.0
Total spending: 90.0

Promo Element not visible as expected...
Item added to cart: CafeBreve
Item Price: 15.0
Total spending: 105.0

Promo Element not visible as expected...
Item added to cart: EspressoConPanna
Item Price: 14.0
Total spending: 119.0

Promo Appeared =>>>
It's your lucky day! Get an extra cup of Mocha for $4.
PROMO REJECTED
Order total based on manual count: 119.0

(navigateToCartPage)=========================================================================================== 
Orders recognized, proceed
No Validation Error found as expected...
Checking out all items verified
]]></system-out>
  </testcase>
  <testcase name="checkOutOrdersUsingCheckoutPage" classname="com.example.coffee_cart_app.testClasses.cartPage" time="0.589">
    <system-out><![CDATA[
(Test Method completed)=========================================================================================== 

(Starting assertMenuTopBar)=========================================================================================== 
Item added to cart: Mocha
Item Price: 8.0
Total spending: 8.0

Promo Element not visible as expected...
Item added to cart: FlatWhite
Item Price: 18.0
Total spending: 26.0

Promo Element not visible as expected...
All top menu bar elements Verified

(Starting assertMenuItems)=========================================================================================== 
Item added to cart: CafeLatte
Item Price: 16.0
Total spending: 42.0

Item name: Espresso
Item price: 10.0

All Menu Items Verified 
Promo Appeared =>>>
It's your lucky day! Get an extra cup of Mocha for $4.
Item name: EspressoMacchiato
Item price: 12.0

All Menu Items Verified 
PROMO REJECTED
Item name: Cappuccino
Item price: 19.0

All Menu Items Verified 
Item name: Mocha
Item price: 8.0

All Menu Items Verified 
Item added to cart: EspressoConPanna
Item Price: 14.0
Total spending: 56.0

Promo Element not visible as expected...
Item name: FlatWhite
Item price: 18.0

All Menu Items Verified 
Item name: Americano
Item price: 7.0

All Menu Items Verified 
Item added to cart: CafeBreve
Item Price: 15.0
Total spending: 71.0

Promo Element not visible as expected...
Order total based on manual count: 71.0
Item name: CafeLatte
Item price: 16.0

All Menu Items Verified 

(navigateToCartPage)=========================================================================================== 
Orders recognized, proceed
Item name: EspressoConPanna
Item price: 14.0

All Menu Items Verified 
Item name: CafeBreve
Item price: 15.0

All Menu Items Verified 

(assertCompareCartListFromSiteToManualOrdersList)=========================================================================================== 
Items from page: [Cafe Breve, Cafe Latte, Espresso Con Panna, Flat White, Mocha]
Items from orderList[Mocha, Flat White, Cafe Latte, Espresso Con Panna, Cafe Breve]
Cart list verified and matches the manual order list
No Validation Error found as expected...
Checking out using cart page verified
]]></system-out>
  </testcase>
  <testcase name="checkOutOrdersUsingCheckoutPage" classname="com.example.coffee_cart_app.testClasses.cartPage" time="0.104">
    <system-out><![CDATA[
(Test Method completed)=========================================================================================== 
Item added to cart: EspressoConPanna
Item Price: 14.0
Total spending: 56.0

Promo Element not visible as expected...
Item added to cart: CafeBreve
Item Price: 15.0
Total spending: 71.0

Promo Element not visible as expected...
Order total based on manual count: 71.0

(navigateToCartPage)=========================================================================================== 
Orders recognized, proceed

(assertCompareCartListFromSiteToManualOrdersList)=========================================================================================== 
Items from page: [Cafe Breve, Cafe Latte, Espresso Con Panna, Flat White, Mocha]
Items from orderList[Mocha, Flat White, Cafe Latte, Espresso Con Panna, Cafe Breve]
Cart list verified and matches the manual order list

(Starting assertMenuTopBar)=========================================================================================== 
No Validation Error found as expected...
Checking out using cart page verified
]]></system-out>
  </testcase>
  <testcase name="checkOutOrdersUsingCheckoutPage" classname="com.example.coffee_cart_app.testClasses.cartPage" time="2.586">
    <system-out><![CDATA[
(Test Method completed)=========================================================================================== 
Item added to cart: Mocha
Item Price: 8.0
Total spending: 8.0

Promo Element not visible as expected...
Item added to cart: FlatWhite
Item Price: 18.0
Total spending: 26.0

Promo Element not visible as expected...
Item added to cart: CafeLatte
Item Price: 16.0
Total spending: 42.0

Promo Appeared =>>>
It's your lucky day! Get an extra cup of Mocha for $4.
PROMO REJECTED
Item added to cart: EspressoConPanna
Item Price: 14.0
Total spending: 56.0

Promo Element not visible as expected...
Item added to cart: CafeBreve
Item Price: 15.0
Total spending: 71.0

Promo Element not visible as expected...
Order total based on manual count: 71.0

(navigateToCartPage)=========================================================================================== 
Orders recognized, proceed

(assertCompareCartListFromSiteToManualOrdersList)=========================================================================================== 
Items from page: [Cafe Breve, Cafe Latte, Espresso Con Panna, Flat White, Mocha]
Items from orderList[Mocha, Flat White, Cafe Latte, Espresso Con Panna, Cafe Breve]
Cart list verified and matches the manual order list
No Validation Error found as expected...
Checking out using cart page verified
]]></system-out>
  </testcase>
  <testcase name="checkOutOrdersUsingPayContainerButton" classname="com.example.coffee_cart_app.testClasses.cartPage" time="1.281">
    <system-out><![CDATA[
(Test Method completed)=========================================================================================== 
Item added to cart: Mocha
Item Price: 8.0
Total spending: 8.0

Promo Element not visible as expected...
Item added to cart: FlatWhite
Item Price: 18.0
Total spending: 26.0

Promo Element not visible as expected...
Item added to cart: CafeLatte
Item Price: 16.0
Total spending: 42.0

Promo Appeared =>>>
It's your lucky day! Get an extra cup of Mocha for $4.
PROMO REJECTED
Item added to cart: EspressoConPanna
Item Price: 14.0
Total spending: 56.0

Promo Element not visible as expected...
Item added to cart: CafeBreve
Item Price: 15.0
Total spending: 71.0

Promo Element not visible as expected...
Order total based on manual count: 71.0
Cart list verified and matches the manual order list

(performCheckOutOnPayContainer)=========================================================================================== 
Validation Error: Please fill out this field.Please fill out this field.
]]></system-out>
  </testcase>
  <testcase name="checkOutOrdersUsingPayContainerButton" classname="com.example.coffee_cart_app.testClasses.cartPage" time="1.304">
    <system-out><![CDATA[
(Test Method completed)=========================================================================================== 
Cart list verified and matches the manual order list

(performCheckOutOnPayContainer)=========================================================================================== 
Validation Error: Please fill out this field.Please fill out this field.
]]></system-out>
  </testcase>
  <testcase name="checkOutOrdersUsingPayContainerButton" classname="com.example.coffee_cart_app.testClasses.cartPage" time="2.602">
    <system-out><![CDATA[
(Test Method completed)=========================================================================================== 
Item added to cart: Mocha
Item Price: 8.0
Total spending: 8.0

Promo Element not visible as expected...
Item added to cart: FlatWhite
Item Price: 18.0
Total spending: 26.0

Promo Element not visible as expected...
Item added to cart: CafeLatte
Item Price: 16.0
Total spending: 42.0

Promo Appeared =>>>
It's your lucky day! Get an extra cup of Mocha for $4.
PROMO REJECTED
Item added to cart: EspressoConPanna
Item Price: 14.0
Total spending: 56.0

Promo Element not visible as expected...
Item added to cart: CafeBreve
Item Price: 15.0
Total spending: 71.0

Promo Element not visible as expected...
Order total based on manual count: 71.0
Cart list verified and matches the manual order list

(performCheckOutOnPayContainer)=========================================================================================== 
Validation Error: Please fill out this field.Please fill out this field.
]]></system-out>
  </testcase>
  <testcase name="checkOutWithEmptyPaymentDetails" classname="com.example.coffee_cart_app.testClasses.cartPage" time="0.77">
    <system-out><![CDATA[
(Test Method completed)=========================================================================================== 
Item added to cart: Mocha
Item Price: 8.0
Total spending: 8.0

Promo Element not visible as expected...

(navigateToCartPage)=========================================================================================== 
Orders recognized, proceed

(performCheckOutOnPayContainer)=========================================================================================== 
Validation Error: Please fill out this field.Please fill out this field.
]]></system-out>
  </testcase>
  <testcase name="checkOutWithEmptyPaymentDetails" classname="com.example.coffee_cart_app.testClasses.cartPage" time="0.78">
    <system-out><![CDATA[
(Test Method completed)=========================================================================================== 
Item added to cart: Mocha
Item Price: 8.0
Total spending: 8.0

Promo Element not visible as expected...

(navigateToCartPage)=========================================================================================== 
Orders recognized, proceed

(performCheckOutOnPayContainer)=========================================================================================== 
Validation Error: Please fill out this field.Please fill out this field.
]]></system-out>
  </testcase>
  <testcase name="checkOutWithEmptyPaymentDetails" classname="com.example.coffee_cart_app.testClasses.cartPage" time="1.434">
    <system-out><![CDATA[
(Test Method completed)=========================================================================================== 
Item added to cart: Mocha
Item Price: 8.0
Total spending: 8.0

Promo Element not visible as expected...

(navigateToCartPage)=========================================================================================== 
Orders recognized, proceed

(performCheckOutOnPayContainer)=========================================================================================== 
Validation Error: Please fill out this field.Please fill out this field.
]]></system-out>
  </testcase>
  <testcase name="checkOutWithIncompletePaymentDetails" classname="com.example.coffee_cart_app.testClasses.cartPage" time="0.758">
    <system-out><![CDATA[
(Test Method completed)=========================================================================================== 
Item added to cart: Mocha
Item Price: 8.0
Total spending: 8.0

Promo Element not visible as expected...

(navigateToCartPage)=========================================================================================== 
Orders recognized, proceed

(performCheckOutOnPayContainer)=========================================================================================== 
Validation Error: Please include an '@' in the email address. 'sampleEmail' is missing an '@'.
]]></system-out>
  </testcase>
  <testcase name="checkOutWithIncompletePaymentDetails" classname="com.example.coffee_cart_app.testClasses.cartPage" time="0.828">
    <system-out><![CDATA[
(Test Method completed)=========================================================================================== 
Item added to cart: Mocha
Item Price: 8.0
Total spending: 8.0

Promo Element not visible as expected...

(navigateToCartPage)=========================================================================================== 
Orders recognized, proceed

(performCheckOutOnPayContainer)=========================================================================================== 
Validation Error: Please include an '@' in the email address. 'sampleEmail' is missing an '@'.
]]></system-out>
  </testcase>
  <testcase name="checkOutWithIncompletePaymentDetails" classname="com.example.coffee_cart_app.testClasses.cartPage" time="1.516">
    <system-out><![CDATA[
(Test Method completed)=========================================================================================== 
Item added to cart: Mocha
Item Price: 8.0
Total spending: 8.0

Promo Element not visible as expected...

(navigateToCartPage)=========================================================================================== 
Orders recognized, proceed

(performCheckOutOnPayContainer)=========================================================================================== 
Validation Error: Please enter an email address.
]]></system-out>
  </testcase>
  <testcase name="checkOutWithNoItemInCart" classname="com.example.coffee_cart_app.testClasses.cartPage" time="0.065">
    <system-out><![CDATA[
(Test Method completed)=========================================================================================== 
No coffee, go add some.
]]></system-out>
  </testcase>
  <testcase name="checkOutWithNoItemInCart" classname="com.example.coffee_cart_app.testClasses.cartPage" time="0.082">
    <system-out><![CDATA[
(Test Method completed)=========================================================================================== 
No coffee, go add some.
]]></system-out>
  </testcase>
  <testcase name="checkOutWithNoItemInCart" classname="com.example.coffee_cart_app.testClasses.cartPage" time="0.249">
    <system-out><![CDATA[
(Test Method completed)=========================================================================================== 
No coffee, go add some.
]]></system-out>
  </testcase>
</testsuite>