<?xml version="1.0" encoding="UTF-8"?>
<testsuite xmlns:xsi="http://www.w3.org/2001/XMLSchema-instance" xsi:noNamespaceSchemaLocation="https://maven.apache.org/surefire/maven-surefire-plugin/xsd/surefire-test-report.xsd" name="com.example.coffee_cart_app.testMethods.TestRunner" time="0.363" tests="1" errors="0" skipped="0" failures="1">
  <properties>
[...]
</properties>
  <testcase name="setUpClass" classname="com.example.coffee_cart_app.testMethods.TestRunner" time="0.288">
    <failure message="You&apos;re not allowed to extend classes that define Step Definitions or hooks. class com.example.coffee_cart_app.testMethods.menuPage extends class com.example.coffee_cart_app.utilityMethods.cofeeCartAppUtilityMethods" type="io.cucumber.java.InvalidMethodException">io.cucumber.java.InvalidMethodException: You're not allowed to extend classes that define Step Definitions or hooks. class com.example.coffee_cart_app.testMethods.menuPage extends class com.example.coffee_cart_app.utilityMethods.cofeeCartAppUtilityMethods
</failure>
    <system-out><![CDATA[Configuring TestNG with: TestNG60Configurator
]]></system-out>
    <system-err><![CDATA[SLF4J(W): No SLF4J providers were found.
SLF4J(W): Defaulting to no-operation (NOP) logger implementation
SLF4J(W): See https://www.slf4j.org/codes.html#noProviders for further details.
]]></system-err>
  </testcase>
</testsuite>